ERROR - 2025-11-21 00:06:05 --> Email: Unable to send email using SMTP. Your server might not be configured to send mail using this method.
ERROR - 2025-11-21 00:06:05 --> 220 smtp.gmail.com ESMTP 98e67ed59e1d1-34727be2320sm2785845a91.5 - gsmtp

hello: 250-smtp.gmail.com at your service, [2001:4456:cf2:c400:6935:c195:d99f:5dc7]
250-SIZE 35882577
250-8BITMIME
250-AUTH LOGIN PLAIN XOAUTH2 PLAIN-CLIENTTOKEN OAUTHBEARER XOAUTH
250-ENHANCEDSTATUSCODES
250-PIPELINING
250-CHUNKING
250 SMTPUTF8

Failed to authenticate password. Error: 535-5.7.8 Username and Password not accepted. For more information, go to
535 5.7.8  https://support.google.com/mail/?p=BadCredentials 98e67ed59e1d1-34727be2320sm2785845a91.5 - gsmtp

ERROR - 2025-11-21 00:14:09 --> mysqli_sql_exception: Unknown column 'branch_address' in 'field list' in C:\xampp\htdocs\ChakaNoks-SCMS\system\Database\MySQLi\Connection.php:327
Stack trace:
#0 C:\xampp\htdocs\ChakaNoks-SCMS\system\Database\MySQLi\Connection.php(327): mysqli->query('INSERT INTO `pu...', 0)
#1 C:\xampp\htdocs\ChakaNoks-SCMS\system\Database\BaseConnection.php(729): CodeIgniter\Database\MySQLi\Connection->execute('INSERT INTO `pu...')
#2 C:\xampp\htdocs\ChakaNoks-SCMS\system\Database\BaseConnection.php(646): CodeIgniter\Database\BaseConnection->simpleQuery('INSERT INTO `pu...')
#3 C:\xampp\htdocs\ChakaNoks-SCMS\system\Database\BaseBuilder.php(2345): CodeIgniter\Database\BaseConnection->query('INSERT INTO `pu...', Array, false)
#4 C:\xampp\htdocs\ChakaNoks-SCMS\app\Controllers\PurchaseController.php(92): CodeIgniter\Database\BaseBuilder->insert(Array)
#5 C:\xampp\htdocs\ChakaNoks-SCMS\system\CodeIgniter.php(933): App\Controllers\PurchaseController->createRequest()
#6 C:\xampp\htdocs\ChakaNoks-SCMS\system\CodeIgniter.php(507): CodeIgniter\CodeIgniter->runController(Object(App\Controllers\PurchaseController))
#7 C:\xampp\htdocs\ChakaNoks-SCMS\system\CodeIgniter.php(354): CodeIgniter\CodeIgniter->handleRequest(NULL, Object(Config\Cache), false)
#8 C:\xampp\htdocs\ChakaNoks-SCMS\system\Boot.php(363): CodeIgniter\CodeIgniter->run()
#9 C:\xampp\htdocs\ChakaNoks-SCMS\system\Boot.php(68): CodeIgniter\Boot::runCodeIgniter(Object(CodeIgniter\CodeIgniter))
#10 C:\xampp\htdocs\ChakaNoks-SCMS\public\index.php(59): CodeIgniter\Boot::bootWeb(Object(Config\Paths))
#11 C:\xampp\htdocs\ChakaNoks-SCMS\system\rewrite.php(44): require_once('C:\\xampp\\htdocs...')
#12 {main}
