CRITICAL - 2025-11-20 07:36:46 --> TypeError: App\Models\PurchaseRequestModel::approveRequest(): Argument #2 ($approvedBy) must be of type int, null given, called in C:\xampp\htdocs\ChakaNoks-SCMS\app\Controllers\PurchaseController.php on line 211
[Method: POST, Route: purchase/request/2/approve]
in APPPATH\Models\PurchaseRequestModel.php on line 238.
 1 APPPATH\Controllers\PurchaseController.php(211): App\Models\PurchaseRequestModel->approveRequest(2, null)
 2 SYSTEMPATH\CodeIgniter.php(933): App\Controllers\PurchaseController->approveRequest('2')
 3 SYSTEMPATH\CodeIgniter.php(507): CodeIgniter\CodeIgniter->runController(Object(App\Controllers\PurchaseController))
 4 SYSTEMPATH\CodeIgniter.php(354): CodeIgniter\CodeIgniter->handleRequest(null, Object(Config\Cache), false)
 5 SYSTEMPATH\Boot.php(363): CodeIgniter\CodeIgniter->run()
 6 SYSTEMPATH\Boot.php(68): CodeIgniter\Boot::runCodeIgniter(Object(CodeIgniter\CodeIgniter))
 7 FCPATH\index.php(59): CodeIgniter\Boot::bootWeb(Object(Config\Paths))
 8 SYSTEMPATH\rewrite.php(44): require_once('C:\\xampp\\htdocs\\ChakaNoks-SCMS\\public\\index.php')
CRITICAL - 2025-11-20 07:37:19 --> TypeError: App\Models\PurchaseRequestModel::approveRequest(): Argument #2 ($approvedBy) must be of type int, null given, called in C:\xampp\htdocs\ChakaNoks-SCMS\app\Controllers\PurchaseController.php on line 211
[Method: POST, Route: purchase/request/2/approve]
in APPPATH\Models\PurchaseRequestModel.php on line 238.
 1 APPPATH\Controllers\PurchaseController.php(211): App\Models\PurchaseRequestModel->approveRequest(2, null)
 2 SYSTEMPATH\CodeIgniter.php(933): App\Controllers\PurchaseController->approveRequest('2')
 3 SYSTEMPATH\CodeIgniter.php(507): CodeIgniter\CodeIgniter->runController(Object(App\Controllers\PurchaseController))
 4 SYSTEMPATH\CodeIgniter.php(354): CodeIgniter\CodeIgniter->handleRequest(null, Object(Config\Cache), false)
 5 SYSTEMPATH\Boot.php(363): CodeIgniter\CodeIgniter->run()
 6 SYSTEMPATH\Boot.php(68): CodeIgniter\Boot::runCodeIgniter(Object(CodeIgniter\CodeIgniter))
 7 FCPATH\index.php(59): CodeIgniter\Boot::bootWeb(Object(Config\Paths))
 8 SYSTEMPATH\rewrite.php(44): require_once('C:\\xampp\\htdocs\\ChakaNoks-SCMS\\public\\index.php')
CRITICAL - 2025-11-20 07:37:27 --> TypeError: App\Models\PurchaseRequestModel::approveRequest(): Argument #2 ($approvedBy) must be of type int, null given, called in C:\xampp\htdocs\ChakaNoks-SCMS\app\Controllers\PurchaseController.php on line 211
[Method: POST, Route: purchase/request/1/approve]
in APPPATH\Models\PurchaseRequestModel.php on line 238.
 1 APPPATH\Controllers\PurchaseController.php(211): App\Models\PurchaseRequestModel->approveRequest(1, null)
 2 SYSTEMPATH\CodeIgniter.php(933): App\Controllers\PurchaseController->approveRequest('1')
 3 SYSTEMPATH\CodeIgniter.php(507): CodeIgniter\CodeIgniter->runController(Object(App\Controllers\PurchaseController))
 4 SYSTEMPATH\CodeIgniter.php(354): CodeIgniter\CodeIgniter->handleRequest(null, Object(Config\Cache), false)
 5 SYSTEMPATH\Boot.php(363): CodeIgniter\CodeIgniter->run()
 6 SYSTEMPATH\Boot.php(68): CodeIgniter\Boot::runCodeIgniter(Object(CodeIgniter\CodeIgniter))
 7 FCPATH\index.php(59): CodeIgniter\Boot::bootWeb(Object(Config\Paths))
 8 SYSTEMPATH\rewrite.php(44): require_once('C:\\xampp\\htdocs\\ChakaNoks-SCMS\\public\\index.php')
CRITICAL - 2025-11-20 07:37:36 --> TypeError: App\Models\PurchaseRequestModel::approveRequest(): Argument #2 ($approvedBy) must be of type int, null given, called in C:\xampp\htdocs\ChakaNoks-SCMS\app\Controllers\PurchaseController.php on line 211
[Method: POST, Route: purchase/request/3/approve]
in APPPATH\Models\PurchaseRequestModel.php on line 238.
 1 APPPATH\Controllers\PurchaseController.php(211): App\Models\PurchaseRequestModel->approveRequest(3, null)
 2 SYSTEMPATH\CodeIgniter.php(933): App\Controllers\PurchaseController->approveRequest('3')
 3 SYSTEMPATH\CodeIgniter.php(507): CodeIgniter\CodeIgniter->runController(Object(App\Controllers\PurchaseController))
 4 SYSTEMPATH\CodeIgniter.php(354): CodeIgniter\CodeIgniter->handleRequest(null, Object(Config\Cache), false)
 5 SYSTEMPATH\Boot.php(363): CodeIgniter\CodeIgniter->run()
 6 SYSTEMPATH\Boot.php(68): CodeIgniter\Boot::runCodeIgniter(Object(CodeIgniter\CodeIgniter))
 7 FCPATH\index.php(59): CodeIgniter\Boot::bootWeb(Object(Config\Paths))
 8 SYSTEMPATH\rewrite.php(44): require_once('C:\\xampp\\htdocs\\ChakaNoks-SCMS\\public\\index.php')
CRITICAL - 2025-11-20 07:56:22 --> TypeError: App\Models\PurchaseRequestModel::rejectRequest(): Argument #2 ($approvedBy) must be of type int, null given, called in C:\xampp\htdocs\ChakaNoks-SCMS\app\Controllers\PurchaseController.php on line 239
[Method: POST, Route: purchase/request/2/reject]
in APPPATH\Models\PurchaseRequestModel.php on line 247.
 1 APPPATH\Controllers\PurchaseController.php(239): App\Models\PurchaseRequestModel->rejectRequest(2, null, 'Expired')
 2 SYSTEMPATH\CodeIgniter.php(933): App\Controllers\PurchaseController->rejectRequest('2')
 3 SYSTEMPATH\CodeIgniter.php(507): CodeIgniter\CodeIgniter->runController(Object(App\Controllers\PurchaseController))
 4 SYSTEMPATH\CodeIgniter.php(354): CodeIgniter\CodeIgniter->handleRequest(null, Object(Config\Cache), false)
 5 SYSTEMPATH\Boot.php(363): CodeIgniter\CodeIgniter->run()
 6 SYSTEMPATH\Boot.php(68): CodeIgniter\Boot::runCodeIgniter(Object(CodeIgniter\CodeIgniter))
 7 FCPATH\index.php(59): CodeIgniter\Boot::bootWeb(Object(Config\Paths))
 8 SYSTEMPATH\rewrite.php(44): require_once('C:\\xampp\\htdocs\\ChakaNoks-SCMS\\public\\index.php')
ERROR - 2025-11-20 13:11:10 --> mysqli_sql_exception: Table 'chakanoks_scms.users' doesn't exist in engine in C:\xampp\htdocs\ChakaNoks-SCMS\system\Database\MySQLi\Connection.php:327
Stack trace:
#0 C:\xampp\htdocs\ChakaNoks-SCMS\system\Database\MySQLi\Connection.php(327): mysqli->query('SELECT *\nFROM `...', 0)
#1 C:\xampp\htdocs\ChakaNoks-SCMS\system\Database\BaseConnection.php(729): CodeIgniter\Database\MySQLi\Connection->execute('SELECT *\nFROM `...')
#2 C:\xampp\htdocs\ChakaNoks-SCMS\system\Database\BaseConnection.php(646): CodeIgniter\Database\BaseConnection->simpleQuery('SELECT *\nFROM `...')
#3 C:\xampp\htdocs\ChakaNoks-SCMS\system\Database\BaseBuilder.php(1649): CodeIgniter\Database\BaseConnection->query('SELECT *\nFROM `...', Array, false)
#4 C:\xampp\htdocs\ChakaNoks-SCMS\system\Model.php(330): CodeIgniter\Database\BaseBuilder->get()
#5 C:\xampp\htdocs\ChakaNoks-SCMS\system\BaseModel.php(715): CodeIgniter\Model->doFirst()
#6 C:\xampp\htdocs\ChakaNoks-SCMS\app\Controllers\Auth.php(30): CodeIgniter\BaseModel->first()
#7 C:\xampp\htdocs\ChakaNoks-SCMS\system\CodeIgniter.php(933): App\Controllers\Auth->checkLogin()
#8 C:\xampp\htdocs\ChakaNoks-SCMS\system\CodeIgniter.php(507): CodeIgniter\CodeIgniter->runController(Object(App\Controllers\Auth))
#9 C:\xampp\htdocs\ChakaNoks-SCMS\system\CodeIgniter.php(354): CodeIgniter\CodeIgniter->handleRequest(NULL, Object(Config\Cache), false)
#10 C:\xampp\htdocs\ChakaNoks-SCMS\system\Boot.php(363): CodeIgniter\CodeIgniter->run()
#11 C:\xampp\htdocs\ChakaNoks-SCMS\system\Boot.php(68): CodeIgniter\Boot::runCodeIgniter(Object(CodeIgniter\CodeIgniter))
#12 C:\xampp\htdocs\ChakaNoks-SCMS\public\index.php(59): CodeIgniter\Boot::bootWeb(Object(Config\Paths))
#13 C:\xampp\htdocs\ChakaNoks-SCMS\system\rewrite.php(44): require_once('C:\\xampp\\htdocs...')
#14 {main}
CRITICAL - 2025-11-20 13:11:10 --> CodeIgniter\Database\Exceptions\DatabaseException: Table 'chakanoks_scms.users' doesn't exist in engine
[Method: POST, Route: auth/checkLogin]
in SYSTEMPATH\Database\BaseConnection.php on line 684.
 1 SYSTEMPATH\Database\BaseBuilder.php(1649): CodeIgniter\Database\BaseConnection->query('SELECT *
FROM `users`
WHERE `email` = :email:
 LIMIT 1', [...], false)
 2 SYSTEMPATH\Model.php(330): CodeIgniter\Database\BaseBuilder->get()
 3 SYSTEMPATH\BaseModel.php(715): CodeIgniter\Model->doFirst()
 4 APPPATH\Controllers\Auth.php(30): CodeIgniter\BaseModel->first()
 5 SYSTEMPATH\CodeIgniter.php(933): App\Controllers\Auth->checkLogin()
 6 SYSTEMPATH\CodeIgniter.php(507): CodeIgniter\CodeIgniter->runController(Object(App\Controllers\Auth))
 7 SYSTEMPATH\CodeIgniter.php(354): CodeIgniter\CodeIgniter->handleRequest(null, Object(Config\Cache), false)
 8 SYSTEMPATH\Boot.php(363): CodeIgniter\CodeIgniter->run()
 9 SYSTEMPATH\Boot.php(68): CodeIgniter\Boot::runCodeIgniter(Object(CodeIgniter\CodeIgniter))
10 FCPATH\index.php(59): CodeIgniter\Boot::bootWeb(Object(Config\Paths))
11 SYSTEMPATH\rewrite.php(44): require_once('C:\\xampp\\htdocs\\ChakaNoks-SCMS\\public\\index.php')
CRITICAL - 2025-11-20 13:11:10 --> [Caused by] CodeIgniter\Database\Exceptions\DatabaseException: Table 'chakanoks_scms.users' doesn't exist in engine
in SYSTEMPATH\Database\MySQLi\Connection.php on line 332.
 1 SYSTEMPATH\Database\BaseConnection.php(729): CodeIgniter\Database\MySQLi\Connection->execute('SELECT *
FROM `users`
WHERE `email` = \'mansuetomarky@gmail.com\'
 LIMIT 1')
 2 SYSTEMPATH\Database\BaseConnection.php(646): CodeIgniter\Database\BaseConnection->simpleQuery('SELECT *
FROM `users`
WHERE `email` = \'mansuetomarky@gmail.com\'
 LIMIT 1')
 3 SYSTEMPATH\Database\BaseBuilder.php(1649): CodeIgniter\Database\BaseConnection->query('SELECT *
FROM `users`
WHERE `email` = :email:
 LIMIT 1', [...], false)
 4 SYSTEMPATH\Model.php(330): CodeIgniter\Database\BaseBuilder->get()
 5 SYSTEMPATH\BaseModel.php(715): CodeIgniter\Model->doFirst()
 6 APPPATH\Controllers\Auth.php(30): CodeIgniter\BaseModel->first()
 7 SYSTEMPATH\CodeIgniter.php(933): App\Controllers\Auth->checkLogin()
 8 SYSTEMPATH\CodeIgniter.php(507): CodeIgniter\CodeIgniter->runController(Object(App\Controllers\Auth))
 9 SYSTEMPATH\CodeIgniter.php(354): CodeIgniter\CodeIgniter->handleRequest(null, Object(Config\Cache), false)
10 SYSTEMPATH\Boot.php(363): CodeIgniter\CodeIgniter->run()
11 SYSTEMPATH\Boot.php(68): CodeIgniter\Boot::runCodeIgniter(Object(CodeIgniter\CodeIgniter))
12 FCPATH\index.php(59): CodeIgniter\Boot::bootWeb(Object(Config\Paths))
13 SYSTEMPATH\rewrite.php(44): require_once('C:\\xampp\\htdocs\\ChakaNoks-SCMS\\public\\index.php')
CRITICAL - 2025-11-20 13:11:10 --> [Caused by] mysqli_sql_exception: Table 'chakanoks_scms.users' doesn't exist in engine
in SYSTEMPATH\Database\MySQLi\Connection.php on line 327.
 1 SYSTEMPATH\Database\MySQLi\Connection.php(327): mysqli->query('SELECT *
FROM `users`
WHERE `email` = \'mansuetomarky@gmail.com\'
 LIMIT 1', 0)
 2 SYSTEMPATH\Database\BaseConnection.php(729): CodeIgniter\Database\MySQLi\Connection->execute('SELECT *
FROM `users`
WHERE `email` = \'mansuetomarky@gmail.com\'
 LIMIT 1')
 3 SYSTEMPATH\Database\BaseConnection.php(646): CodeIgniter\Database\BaseConnection->simpleQuery('SELECT *
FROM `users`
WHERE `email` = \'mansuetomarky@gmail.com\'
 LIMIT 1')
 4 SYSTEMPATH\Database\BaseBuilder.php(1649): CodeIgniter\Database\BaseConnection->query('SELECT *
FROM `users`
WHERE `email` = :email:
 LIMIT 1', [...], false)
 5 SYSTEMPATH\Model.php(330): CodeIgniter\Database\BaseBuilder->get()
 6 SYSTEMPATH\BaseModel.php(715): CodeIgniter\Model->doFirst()
 7 APPPATH\Controllers\Auth.php(30): CodeIgniter\BaseModel->first()
 8 SYSTEMPATH\CodeIgniter.php(933): App\Controllers\Auth->checkLogin()
 9 SYSTEMPATH\CodeIgniter.php(507): CodeIgniter\CodeIgniter->runController(Object(App\Controllers\Auth))
10 SYSTEMPATH\CodeIgniter.php(354): CodeIgniter\CodeIgniter->handleRequest(null, Object(Config\Cache), false)
11 SYSTEMPATH\Boot.php(363): CodeIgniter\CodeIgniter->run()
12 SYSTEMPATH\Boot.php(68): CodeIgniter\Boot::runCodeIgniter(Object(CodeIgniter\CodeIgniter))
13 FCPATH\index.php(59): CodeIgniter\Boot::bootWeb(Object(Config\Paths))
14 SYSTEMPATH\rewrite.php(44): require_once('C:\\xampp\\htdocs\\ChakaNoks-SCMS\\public\\index.php')
ERROR - 2025-11-20 13:17:03 --> Error connecting to the database: mysqli_sql_exception: No connection could be made because the target machine actively refused it in C:\xampp\htdocs\ChakaNoks-SCMS\system\Database\MySQLi\Connection.php:201
Stack trace:
#0 C:\xampp\htdocs\ChakaNoks-SCMS\system\Database\MySQLi\Connection.php(201): mysqli->real_connect('127.0.0.1', 'root', Object(SensitiveParameterValue), 'chakanoks_scms', 3306, '', 0)
#1 C:\xampp\htdocs\ChakaNoks-SCMS\system\Database\BaseConnection.php(419): CodeIgniter\Database\MySQLi\Connection->connect(false)
#2 C:\xampp\htdocs\ChakaNoks-SCMS\system\Database\BaseConnection.php(614): CodeIgniter\Database\BaseConnection->initialize()
#3 C:\xampp\htdocs\ChakaNoks-SCMS\system\Database\BaseBuilder.php(1649): CodeIgniter\Database\BaseConnection->query('SELECT *\nFROM `...', Array, false)
#4 C:\xampp\htdocs\ChakaNoks-SCMS\system\Model.php(330): CodeIgniter\Database\BaseBuilder->get()
#5 C:\xampp\htdocs\ChakaNoks-SCMS\system\BaseModel.php(715): CodeIgniter\Model->doFirst()
#6 C:\xampp\htdocs\ChakaNoks-SCMS\app\Controllers\Auth.php(30): CodeIgniter\BaseModel->first()
#7 C:\xampp\htdocs\ChakaNoks-SCMS\system\CodeIgniter.php(933): App\Controllers\Auth->checkLogin()
#8 C:\xampp\htdocs\ChakaNoks-SCMS\system\CodeIgniter.php(507): CodeIgniter\CodeIgniter->runController(Object(App\Controllers\Auth))
#9 C:\xampp\htdocs\ChakaNoks-SCMS\system\CodeIgniter.php(354): CodeIgniter\CodeIgniter->handleRequest(NULL, Object(Config\Cache), false)
#10 C:\xampp\htdocs\ChakaNoks-SCMS\system\Boot.php(363): CodeIgniter\CodeIgniter->run()
#11 C:\xampp\htdocs\ChakaNoks-SCMS\system\Boot.php(68): CodeIgniter\Boot::runCodeIgniter(Object(CodeIgniter\CodeIgniter))
#12 C:\xampp\htdocs\ChakaNoks-SCMS\public\index.php(59): CodeIgniter\Boot::bootWeb(Object(Config\Paths))
#13 C:\xampp\htdocs\ChakaNoks-SCMS\system\rewrite.php(44): require_once('C:\\xampp\\htdocs...')
#14 {main}

Next CodeIgniter\Database\Exceptions\DatabaseException: No connection could be made because the target machine actively refused it in C:\xampp\htdocs\ChakaNoks-SCMS\system\Database\MySQLi\Connection.php:246
Stack trace:
#0 C:\xampp\htdocs\ChakaNoks-SCMS\system\Database\BaseConnection.php(419): CodeIgniter\Database\MySQLi\Connection->connect(false)
#1 C:\xampp\htdocs\ChakaNoks-SCMS\system\Database\BaseConnection.php(614): CodeIgniter\Database\BaseConnection->initialize()
#2 C:\xampp\htdocs\ChakaNoks-SCMS\system\Database\BaseBuilder.php(1649): CodeIgniter\Database\BaseConnection->query('SELECT *\nFROM `...', Array, false)
#3 C:\xampp\htdocs\ChakaNoks-SCMS\system\Model.php(330): CodeIgniter\Database\BaseBuilder->get()
#4 C:\xampp\htdocs\ChakaNoks-SCMS\system\BaseModel.php(715): CodeIgniter\Model->doFirst()
#5 C:\xampp\htdocs\ChakaNoks-SCMS\app\Controllers\Auth.php(30): CodeIgniter\BaseModel->first()
#6 C:\xampp\htdocs\ChakaNoks-SCMS\system\CodeIgniter.php(933): App\Controllers\Auth->checkLogin()
#7 C:\xampp\htdocs\ChakaNoks-SCMS\system\CodeIgniter.php(507): CodeIgniter\CodeIgniter->runController(Object(App\Controllers\Auth))
#8 C:\xampp\htdocs\ChakaNoks-SCMS\system\CodeIgniter.php(354): CodeIgniter\CodeIgniter->handleRequest(NULL, Object(Config\Cache), false)
#9 C:\xampp\htdocs\ChakaNoks-SCMS\system\Boot.php(363): CodeIgniter\CodeIgniter->run()
#10 C:\xampp\htdocs\ChakaNoks-SCMS\system\Boot.php(68): CodeIgniter\Boot::runCodeIgniter(Object(CodeIgniter\CodeIgniter))
#11 C:\xampp\htdocs\ChakaNoks-SCMS\public\index.php(59): CodeIgniter\Boot::bootWeb(Object(Config\Paths))
#12 C:\xampp\htdocs\ChakaNoks-SCMS\system\rewrite.php(44): require_once('C:\\xampp\\htdocs...')
#13 {main}
CRITICAL - 2025-11-20 13:17:03 --> CodeIgniter\Database\Exceptions\DatabaseException: Unable to connect to the database.
Main connection [MySQLi]: No connection could be made because the target machine actively refused it
[Method: POST, Route: auth/checkLogin]
in SYSTEMPATH\Database\BaseConnection.php on line 465.
 1 SYSTEMPATH\Database\BaseConnection.php(614): CodeIgniter\Database\BaseConnection->initialize()
 2 SYSTEMPATH\Database\BaseBuilder.php(1649): CodeIgniter\Database\BaseConnection->query('SELECT *
FROM `users`
WHERE `email` = :email:
 LIMIT 1', [...], false)
 3 SYSTEMPATH\Model.php(330): CodeIgniter\Database\BaseBuilder->get()
 4 SYSTEMPATH\BaseModel.php(715): CodeIgniter\Model->doFirst()
 5 APPPATH\Controllers\Auth.php(30): CodeIgniter\BaseModel->first()
 6 SYSTEMPATH\CodeIgniter.php(933): App\Controllers\Auth->checkLogin()
 7 SYSTEMPATH\CodeIgniter.php(507): CodeIgniter\CodeIgniter->runController(Object(App\Controllers\Auth))
 8 SYSTEMPATH\CodeIgniter.php(354): CodeIgniter\CodeIgniter->handleRequest(null, Object(Config\Cache), false)
 9 SYSTEMPATH\Boot.php(363): CodeIgniter\CodeIgniter->run()
10 SYSTEMPATH\Boot.php(68): CodeIgniter\Boot::runCodeIgniter(Object(CodeIgniter\CodeIgniter))
11 FCPATH\index.php(59): CodeIgniter\Boot::bootWeb(Object(Config\Paths))
12 SYSTEMPATH\rewrite.php(44): require_once('C:\\xampp\\htdocs\\ChakaNoks-SCMS\\public\\index.php')
ERROR - 2025-11-20 13:20:08 --> mysqli_sql_exception: Table 'chakanoks_scms.users' doesn't exist in engine in C:\xampp\htdocs\ChakaNoks-SCMS\system\Database\MySQLi\Connection.php:327
Stack trace:
#0 C:\xampp\htdocs\ChakaNoks-SCMS\system\Database\MySQLi\Connection.php(327): mysqli->query('SELECT *\nFROM `...', 0)
#1 C:\xampp\htdocs\ChakaNoks-SCMS\system\Database\BaseConnection.php(729): CodeIgniter\Database\MySQLi\Connection->execute('SELECT *\nFROM `...')
#2 C:\xampp\htdocs\ChakaNoks-SCMS\system\Database\BaseConnection.php(646): CodeIgniter\Database\BaseConnection->simpleQuery('SELECT *\nFROM `...')
#3 C:\xampp\htdocs\ChakaNoks-SCMS\system\Database\BaseBuilder.php(1649): CodeIgniter\Database\BaseConnection->query('SELECT *\nFROM `...', Array, false)
#4 C:\xampp\htdocs\ChakaNoks-SCMS\system\Model.php(330): CodeIgniter\Database\BaseBuilder->get()
#5 C:\xampp\htdocs\ChakaNoks-SCMS\system\BaseModel.php(715): CodeIgniter\Model->doFirst()
#6 C:\xampp\htdocs\ChakaNoks-SCMS\app\Controllers\Auth.php(30): CodeIgniter\BaseModel->first()
#7 C:\xampp\htdocs\ChakaNoks-SCMS\system\CodeIgniter.php(933): App\Controllers\Auth->checkLogin()
#8 C:\xampp\htdocs\ChakaNoks-SCMS\system\CodeIgniter.php(507): CodeIgniter\CodeIgniter->runController(Object(App\Controllers\Auth))
#9 C:\xampp\htdocs\ChakaNoks-SCMS\system\CodeIgniter.php(354): CodeIgniter\CodeIgniter->handleRequest(NULL, Object(Config\Cache), false)
#10 C:\xampp\htdocs\ChakaNoks-SCMS\system\Boot.php(363): CodeIgniter\CodeIgniter->run()
#11 C:\xampp\htdocs\ChakaNoks-SCMS\system\Boot.php(68): CodeIgniter\Boot::runCodeIgniter(Object(CodeIgniter\CodeIgniter))
#12 C:\xampp\htdocs\ChakaNoks-SCMS\public\index.php(59): CodeIgniter\Boot::bootWeb(Object(Config\Paths))
#13 C:\xampp\htdocs\ChakaNoks-SCMS\system\rewrite.php(44): require_once('C:\\xampp\\htdocs...')
#14 {main}
CRITICAL - 2025-11-20 13:20:08 --> CodeIgniter\Database\Exceptions\DatabaseException: Table 'chakanoks_scms.users' doesn't exist in engine
[Method: POST, Route: auth/checkLogin]
in SYSTEMPATH\Database\BaseConnection.php on line 684.
 1 SYSTEMPATH\Database\BaseBuilder.php(1649): CodeIgniter\Database\BaseConnection->query('SELECT *
FROM `users`
WHERE `email` = :email:
 LIMIT 1', [...], false)
 2 SYSTEMPATH\Model.php(330): CodeIgniter\Database\BaseBuilder->get()
 3 SYSTEMPATH\BaseModel.php(715): CodeIgniter\Model->doFirst()
 4 APPPATH\Controllers\Auth.php(30): CodeIgniter\BaseModel->first()
 5 SYSTEMPATH\CodeIgniter.php(933): App\Controllers\Auth->checkLogin()
 6 SYSTEMPATH\CodeIgniter.php(507): CodeIgniter\CodeIgniter->runController(Object(App\Controllers\Auth))
 7 SYSTEMPATH\CodeIgniter.php(354): CodeIgniter\CodeIgniter->handleRequest(null, Object(Config\Cache), false)
 8 SYSTEMPATH\Boot.php(363): CodeIgniter\CodeIgniter->run()
 9 SYSTEMPATH\Boot.php(68): CodeIgniter\Boot::runCodeIgniter(Object(CodeIgniter\CodeIgniter))
10 FCPATH\index.php(59): CodeIgniter\Boot::bootWeb(Object(Config\Paths))
11 SYSTEMPATH\rewrite.php(44): require_once('C:\\xampp\\htdocs\\ChakaNoks-SCMS\\public\\index.php')
CRITICAL - 2025-11-20 13:20:08 --> [Caused by] CodeIgniter\Database\Exceptions\DatabaseException: Table 'chakanoks_scms.users' doesn't exist in engine
in SYSTEMPATH\Database\MySQLi\Connection.php on line 332.
 1 SYSTEMPATH\Database\BaseConnection.php(729): CodeIgniter\Database\MySQLi\Connection->execute('SELECT *
FROM `users`
WHERE `email` = \'mansuetomarky@gmail.com\'
 LIMIT 1')
 2 SYSTEMPATH\Database\BaseConnection.php(646): CodeIgniter\Database\BaseConnection->simpleQuery('SELECT *
FROM `users`
WHERE `email` = \'mansuetomarky@gmail.com\'
 LIMIT 1')
 3 SYSTEMPATH\Database\BaseBuilder.php(1649): CodeIgniter\Database\BaseConnection->query('SELECT *
FROM `users`
WHERE `email` = :email:
 LIMIT 1', [...], false)
 4 SYSTEMPATH\Model.php(330): CodeIgniter\Database\BaseBuilder->get()
 5 SYSTEMPATH\BaseModel.php(715): CodeIgniter\Model->doFirst()
 6 APPPATH\Controllers\Auth.php(30): CodeIgniter\BaseModel->first()
 7 SYSTEMPATH\CodeIgniter.php(933): App\Controllers\Auth->checkLogin()
 8 SYSTEMPATH\CodeIgniter.php(507): CodeIgniter\CodeIgniter->runController(Object(App\Controllers\Auth))
 9 SYSTEMPATH\CodeIgniter.php(354): CodeIgniter\CodeIgniter->handleRequest(null, Object(Config\Cache), false)
10 SYSTEMPATH\Boot.php(363): CodeIgniter\CodeIgniter->run()
11 SYSTEMPATH\Boot.php(68): CodeIgniter\Boot::runCodeIgniter(Object(CodeIgniter\CodeIgniter))
12 FCPATH\index.php(59): CodeIgniter\Boot::bootWeb(Object(Config\Paths))
13 SYSTEMPATH\rewrite.php(44): require_once('C:\\xampp\\htdocs\\ChakaNoks-SCMS\\public\\index.php')
CRITICAL - 2025-11-20 13:20:08 --> [Caused by] mysqli_sql_exception: Table 'chakanoks_scms.users' doesn't exist in engine
in SYSTEMPATH\Database\MySQLi\Connection.php on line 327.
 1 SYSTEMPATH\Database\MySQLi\Connection.php(327): mysqli->query('SELECT *
FROM `users`
WHERE `email` = \'mansuetomarky@gmail.com\'
 LIMIT 1', 0)
 2 SYSTEMPATH\Database\BaseConnection.php(729): CodeIgniter\Database\MySQLi\Connection->execute('SELECT *
FROM `users`
WHERE `email` = \'mansuetomarky@gmail.com\'
 LIMIT 1')
 3 SYSTEMPATH\Database\BaseConnection.php(646): CodeIgniter\Database\BaseConnection->simpleQuery('SELECT *
FROM `users`
WHERE `email` = \'mansuetomarky@gmail.com\'
 LIMIT 1')
 4 SYSTEMPATH\Database\BaseBuilder.php(1649): CodeIgniter\Database\BaseConnection->query('SELECT *
FROM `users`
WHERE `email` = :email:
 LIMIT 1', [...], false)
 5 SYSTEMPATH\Model.php(330): CodeIgniter\Database\BaseBuilder->get()
 6 SYSTEMPATH\BaseModel.php(715): CodeIgniter\Model->doFirst()
 7 APPPATH\Controllers\Auth.php(30): CodeIgniter\BaseModel->first()
 8 SYSTEMPATH\CodeIgniter.php(933): App\Controllers\Auth->checkLogin()
 9 SYSTEMPATH\CodeIgniter.php(507): CodeIgniter\CodeIgniter->runController(Object(App\Controllers\Auth))
10 SYSTEMPATH\CodeIgniter.php(354): CodeIgniter\CodeIgniter->handleRequest(null, Object(Config\Cache), false)
11 SYSTEMPATH\Boot.php(363): CodeIgniter\CodeIgniter->run()
12 SYSTEMPATH\Boot.php(68): CodeIgniter\Boot::runCodeIgniter(Object(CodeIgniter\CodeIgniter))
13 FCPATH\index.php(59): CodeIgniter\Boot::bootWeb(Object(Config\Paths))
14 SYSTEMPATH\rewrite.php(44): require_once('C:\\xampp\\htdocs\\ChakaNoks-SCMS\\public\\index.php')
CRITICAL - 2025-11-20 21:55:21 --> CodeIgniter\View\Exceptions\ViewException: Invalid file: "dashboards/central_deliveries.php"
[Method: GET, Route: centraladmin/deliveries]
in SYSTEMPATH\Exceptions\FrameworkException.php on line 39.
 1 SYSTEMPATH\View\View.php(214): CodeIgniter\Exceptions\FrameworkException::forInvalidFile('dashboards/central_deliveries.php')
 2 SYSTEMPATH\Common.php(1167): CodeIgniter\View\View->render('dashboards/central_deliveries', [], true)
 3 APPPATH\Controllers\centraladmin.php(100): view('dashboards/central_deliveries', [...])
 4 SYSTEMPATH\CodeIgniter.php(933): App\Controllers\CentralAdmin->deliveriesPage()
 5 SYSTEMPATH\CodeIgniter.php(507): CodeIgniter\CodeIgniter->runController(Object(App\Controllers\CentralAdmin))
 6 SYSTEMPATH\CodeIgniter.php(354): CodeIgniter\CodeIgniter->handleRequest(null, Object(Config\Cache), false)
 7 SYSTEMPATH\Boot.php(363): CodeIgniter\CodeIgniter->run()
 8 SYSTEMPATH\Boot.php(68): CodeIgniter\Boot::runCodeIgniter(Object(CodeIgniter\CodeIgniter))
 9 FCPATH\index.php(59): CodeIgniter\Boot::bootWeb(Object(Config\Paths))
10 SYSTEMPATH\rewrite.php(44): require_once('C:\\xampp\\htdocs\\ChakaNoks-SCMS\\public\\index.php')
CRITICAL - 2025-11-20 21:55:24 --> CodeIgniter\View\Exceptions\ViewException: Invalid file: "dashboards/central_suppliers.php"
[Method: GET, Route: centraladmin/suppliers]
in SYSTEMPATH\Exceptions\FrameworkException.php on line 39.
 1 SYSTEMPATH\View\View.php(214): CodeIgniter\Exceptions\FrameworkException::forInvalidFile('dashboards/central_suppliers.php')
 2 SYSTEMPATH\Common.php(1167): CodeIgniter\View\View->render('dashboards/central_suppliers', [], true)
 3 APPPATH\Controllers\centraladmin.php(66): view('dashboards/central_suppliers', [...])
 4 SYSTEMPATH\CodeIgniter.php(933): App\Controllers\CentralAdmin->suppliersPage()
 5 SYSTEMPATH\CodeIgniter.php(507): CodeIgniter\CodeIgniter->runController(Object(App\Controllers\CentralAdmin))
 6 SYSTEMPATH\CodeIgniter.php(354): CodeIgniter\CodeIgniter->handleRequest(null, Object(Config\Cache), false)
 7 SYSTEMPATH\Boot.php(363): CodeIgniter\CodeIgniter->run()
 8 SYSTEMPATH\Boot.php(68): CodeIgniter\Boot::runCodeIgniter(Object(CodeIgniter\CodeIgniter))
 9 FCPATH\index.php(59): CodeIgniter\Boot::bootWeb(Object(Config\Paths))
10 SYSTEMPATH\rewrite.php(44): require_once('C:\\xampp\\htdocs\\ChakaNoks-SCMS\\public\\index.php')
CRITICAL - 2025-11-20 21:55:27 --> CodeIgniter\View\Exceptions\ViewException: Invalid file: "dashboards/central_reports.php"
[Method: GET, Route: centraladmin/reports]
in SYSTEMPATH\Exceptions\FrameworkException.php on line 39.
 1 SYSTEMPATH\View\View.php(214): CodeIgniter\Exceptions\FrameworkException::forInvalidFile('dashboards/central_reports.php')
 2 SYSTEMPATH\Common.php(1167): CodeIgniter\View\View->render('dashboards/central_reports', [], true)
 3 APPPATH\Controllers\centraladmin.php(119): view('dashboards/central_reports', [...])
 4 SYSTEMPATH\CodeIgniter.php(933): App\Controllers\CentralAdmin->reportsPage()
 5 SYSTEMPATH\CodeIgniter.php(507): CodeIgniter\CodeIgniter->runController(Object(App\Controllers\CentralAdmin))
 6 SYSTEMPATH\CodeIgniter.php(354): CodeIgniter\CodeIgniter->handleRequest(null, Object(Config\Cache), false)
 7 SYSTEMPATH\Boot.php(363): CodeIgniter\CodeIgniter->run()
 8 SYSTEMPATH\Boot.php(68): CodeIgniter\Boot::runCodeIgniter(Object(CodeIgniter\CodeIgniter))
 9 FCPATH\index.php(59): CodeIgniter\Boot::bootWeb(Object(Config\Paths))
10 SYSTEMPATH\rewrite.php(44): require_once('C:\\xampp\\htdocs\\ChakaNoks-SCMS\\public\\index.php')
CRITICAL - 2025-11-20 21:58:14 --> CodeIgniter\View\Exceptions\ViewException: Invalid file: "dashboards/central_deliveries.php"
[Method: GET, Route: centraladmin/deliveries]
in SYSTEMPATH\Exceptions\FrameworkException.php on line 39.
 1 SYSTEMPATH\View\View.php(214): CodeIgniter\Exceptions\FrameworkException::forInvalidFile('dashboards/central_deliveries.php')
 2 SYSTEMPATH\Common.php(1167): CodeIgniter\View\View->render('dashboards/central_deliveries', [], true)
 3 APPPATH\Controllers\centraladmin.php(100): view('dashboards/central_deliveries', [...])
 4 SYSTEMPATH\CodeIgniter.php(933): App\Controllers\CentralAdmin->deliveriesPage()
 5 SYSTEMPATH\CodeIgniter.php(507): CodeIgniter\CodeIgniter->runController(Object(App\Controllers\CentralAdmin))
 6 SYSTEMPATH\CodeIgniter.php(354): CodeIgniter\CodeIgniter->handleRequest(null, Object(Config\Cache), false)
 7 SYSTEMPATH\Boot.php(363): CodeIgniter\CodeIgniter->run()
 8 SYSTEMPATH\Boot.php(68): CodeIgniter\Boot::runCodeIgniter(Object(CodeIgniter\CodeIgniter))
 9 FCPATH\index.php(59): CodeIgniter\Boot::bootWeb(Object(Config\Paths))
10 SYSTEMPATH\rewrite.php(44): require_once('C:\\xampp\\htdocs\\ChakaNoks-SCMS\\public\\index.php')
CRITICAL - 2025-11-20 21:58:16 --> CodeIgniter\View\Exceptions\ViewException: Invalid file: "dashboards/central_suppliers.php"
[Method: GET, Route: centraladmin/suppliers]
in SYSTEMPATH\Exceptions\FrameworkException.php on line 39.
 1 SYSTEMPATH\View\View.php(214): CodeIgniter\Exceptions\FrameworkException::forInvalidFile('dashboards/central_suppliers.php')
 2 SYSTEMPATH\Common.php(1167): CodeIgniter\View\View->render('dashboards/central_suppliers', [], true)
 3 APPPATH\Controllers\centraladmin.php(66): view('dashboards/central_suppliers', [...])
 4 SYSTEMPATH\CodeIgniter.php(933): App\Controllers\CentralAdmin->suppliersPage()
 5 SYSTEMPATH\CodeIgniter.php(507): CodeIgniter\CodeIgniter->runController(Object(App\Controllers\CentralAdmin))
 6 SYSTEMPATH\CodeIgniter.php(354): CodeIgniter\CodeIgniter->handleRequest(null, Object(Config\Cache), false)
 7 SYSTEMPATH\Boot.php(363): CodeIgniter\CodeIgniter->run()
 8 SYSTEMPATH\Boot.php(68): CodeIgniter\Boot::runCodeIgniter(Object(CodeIgniter\CodeIgniter))
 9 FCPATH\index.php(59): CodeIgniter\Boot::bootWeb(Object(Config\Paths))
10 SYSTEMPATH\rewrite.php(44): require_once('C:\\xampp\\htdocs\\ChakaNoks-SCMS\\public\\index.php')
CRITICAL - 2025-11-20 21:58:22 --> CodeIgniter\View\Exceptions\ViewException: Invalid file: "dashboards/central_deliveries.php"
[Method: GET, Route: centraladmin/deliveries]
in SYSTEMPATH\Exceptions\FrameworkException.php on line 39.
 1 SYSTEMPATH\View\View.php(214): CodeIgniter\Exceptions\FrameworkException::forInvalidFile('dashboards/central_deliveries.php')
 2 SYSTEMPATH\Common.php(1167): CodeIgniter\View\View->render('dashboards/central_deliveries', [], true)
 3 APPPATH\Controllers\centraladmin.php(100): view('dashboards/central_deliveries', [...])
 4 SYSTEMPATH\CodeIgniter.php(933): App\Controllers\CentralAdmin->deliveriesPage()
 5 SYSTEMPATH\CodeIgniter.php(507): CodeIgniter\CodeIgniter->runController(Object(App\Controllers\CentralAdmin))
 6 SYSTEMPATH\CodeIgniter.php(354): CodeIgniter\CodeIgniter->handleRequest(null, Object(Config\Cache), false)
 7 SYSTEMPATH\Boot.php(363): CodeIgniter\CodeIgniter->run()
 8 SYSTEMPATH\Boot.php(68): CodeIgniter\Boot::runCodeIgniter(Object(CodeIgniter\CodeIgniter))
 9 FCPATH\index.php(59): CodeIgniter\Boot::bootWeb(Object(Config\Paths))
10 SYSTEMPATH\rewrite.php(44): require_once('C:\\xampp\\htdocs\\ChakaNoks-SCMS\\public\\index.php')
CRITICAL - 2025-11-20 21:58:33 --> CodeIgniter\View\Exceptions\ViewException: Invalid file: "dashboards/central_suppliers.php"
[Method: GET, Route: centraladmin/suppliers]
in SYSTEMPATH\Exceptions\FrameworkException.php on line 39.
 1 SYSTEMPATH\View\View.php(214): CodeIgniter\Exceptions\FrameworkException::forInvalidFile('dashboards/central_suppliers.php')
 2 SYSTEMPATH\Common.php(1167): CodeIgniter\View\View->render('dashboards/central_suppliers', [], true)
 3 APPPATH\Controllers\centraladmin.php(66): view('dashboards/central_suppliers', [...])
 4 SYSTEMPATH\CodeIgniter.php(933): App\Controllers\CentralAdmin->suppliersPage()
 5 SYSTEMPATH\CodeIgniter.php(507): CodeIgniter\CodeIgniter->runController(Object(App\Controllers\CentralAdmin))
 6 SYSTEMPATH\CodeIgniter.php(354): CodeIgniter\CodeIgniter->handleRequest(null, Object(Config\Cache), false)
 7 SYSTEMPATH\Boot.php(363): CodeIgniter\CodeIgniter->run()
 8 SYSTEMPATH\Boot.php(68): CodeIgniter\Boot::runCodeIgniter(Object(CodeIgniter\CodeIgniter))
 9 FCPATH\index.php(59): CodeIgniter\Boot::bootWeb(Object(Config\Paths))
10 SYSTEMPATH\rewrite.php(44): require_once('C:\\xampp\\htdocs\\ChakaNoks-SCMS\\public\\index.php')
CRITICAL - 2025-11-20 21:58:44 --> CodeIgniter\View\Exceptions\ViewException: Invalid file: "dashboards/central_reports.php"
[Method: GET, Route: centraladmin/reports]
in SYSTEMPATH\Exceptions\FrameworkException.php on line 39.
 1 SYSTEMPATH\View\View.php(214): CodeIgniter\Exceptions\FrameworkException::forInvalidFile('dashboards/central_reports.php')
 2 SYSTEMPATH\Common.php(1167): CodeIgniter\View\View->render('dashboards/central_reports', [], true)
 3 APPPATH\Controllers\centraladmin.php(119): view('dashboards/central_reports', [...])
 4 SYSTEMPATH\CodeIgniter.php(933): App\Controllers\CentralAdmin->reportsPage()
 5 SYSTEMPATH\CodeIgniter.php(507): CodeIgniter\CodeIgniter->runController(Object(App\Controllers\CentralAdmin))
 6 SYSTEMPATH\CodeIgniter.php(354): CodeIgniter\CodeIgniter->handleRequest(null, Object(Config\Cache), false)
 7 SYSTEMPATH\Boot.php(363): CodeIgniter\CodeIgniter->run()
 8 SYSTEMPATH\Boot.php(68): CodeIgniter\Boot::runCodeIgniter(Object(CodeIgniter\CodeIgniter))
 9 FCPATH\index.php(59): CodeIgniter\Boot::bootWeb(Object(Config\Paths))
10 SYSTEMPATH\rewrite.php(44): require_once('C:\\xampp\\htdocs\\ChakaNoks-SCMS\\public\\index.php')
CRITICAL - 2025-11-20 23:04:12 --> Error: Call to undefined method App\Controllers\Manager::getPurchaseRequests()
[Method: GET, Route: manager/dashboard]
in APPPATH\Controllers\manager.php on line 54.
 1 APPPATH\Controllers\manager.php(28): App\Controllers\Manager->getDashboardData()
 2 SYSTEMPATH\CodeIgniter.php(933): App\Controllers\Manager->dashboard()
 3 SYSTEMPATH\CodeIgniter.php(507): CodeIgniter\CodeIgniter->runController(Object(App\Controllers\Manager))
 4 SYSTEMPATH\CodeIgniter.php(354): CodeIgniter\CodeIgniter->handleRequest(null, Object(Config\Cache), false)
 5 SYSTEMPATH\Boot.php(363): CodeIgniter\CodeIgniter->run()
 6 SYSTEMPATH\Boot.php(68): CodeIgniter\Boot::runCodeIgniter(Object(CodeIgniter\CodeIgniter))
 7 FCPATH\index.php(59): CodeIgniter\Boot::bootWeb(Object(Config\Paths))
 8 SYSTEMPATH\rewrite.php(44): require_once('C:\\xampp\\htdocs\\ChakaNoks-SCMS\\public\\index.php')
ERROR - 2025-11-20 23:31:33 --> mysqli_sql_exception: Table 'chakanoks_scms.sales' doesn't exist in C:\xampp\htdocs\ChakaNoks-SCMS\system\Database\MySQLi\Connection.php:327
Stack trace:
#0 C:\xampp\htdocs\ChakaNoks-SCMS\system\Database\MySQLi\Connection.php(327): mysqli->query('SELECT SUM(`tot...', 0)
#1 C:\xampp\htdocs\ChakaNoks-SCMS\system\Database\BaseConnection.php(729): CodeIgniter\Database\MySQLi\Connection->execute('SELECT SUM(`tot...')
#2 C:\xampp\htdocs\ChakaNoks-SCMS\system\Database\BaseConnection.php(646): CodeIgniter\Database\BaseConnection->simpleQuery('SELECT SUM(`tot...')
#3 C:\xampp\htdocs\ChakaNoks-SCMS\system\Database\BaseBuilder.php(1649): CodeIgniter\Database\BaseConnection->query('SELECT SUM(`tot...', Array, false)
#4 C:\xampp\htdocs\ChakaNoks-SCMS\app\Controllers\manager.php(113): CodeIgniter\Database\BaseBuilder->get()
#5 C:\xampp\htdocs\ChakaNoks-SCMS\app\Controllers\manager.php(45): App\Controllers\Manager->getSalesData()
#6 C:\xampp\htdocs\ChakaNoks-SCMS\app\Controllers\manager.php(28): App\Controllers\Manager->getDashboardData()
#7 C:\xampp\htdocs\ChakaNoks-SCMS\system\CodeIgniter.php(933): App\Controllers\Manager->dashboard()
#8 C:\xampp\htdocs\ChakaNoks-SCMS\system\CodeIgniter.php(507): CodeIgniter\CodeIgniter->runController(Object(App\Controllers\Manager))
#9 C:\xampp\htdocs\ChakaNoks-SCMS\system\CodeIgniter.php(354): CodeIgniter\CodeIgniter->handleRequest(NULL, Object(Config\Cache), false)
#10 C:\xampp\htdocs\ChakaNoks-SCMS\system\Boot.php(363): CodeIgniter\CodeIgniter->run()
#11 C:\xampp\htdocs\ChakaNoks-SCMS\system\Boot.php(68): CodeIgniter\Boot::runCodeIgniter(Object(CodeIgniter\CodeIgniter))
#12 C:\xampp\htdocs\ChakaNoks-SCMS\public\index.php(59): CodeIgniter\Boot::bootWeb(Object(Config\Paths))
#13 C:\xampp\htdocs\ChakaNoks-SCMS\system\rewrite.php(44): require_once('C:\\xampp\\htdocs...')
#14 {main}
CRITICAL - 2025-11-20 23:31:33 --> CodeIgniter\Database\Exceptions\DatabaseException: Table 'chakanoks_scms.sales' doesn't exist
[Method: GET, Route: manager/dashboard]
in SYSTEMPATH\Database\BaseConnection.php on line 684.
 1 SYSTEMPATH\Database\BaseBuilder.php(1649): CodeIgniter\Database\BaseConnection->query('SELECT SUM(`total_amount`) AS `total_amount`
FROM `sales`
WHERE DATE(created_at) = :DATE(created_at):', [...], false)
 2 APPPATH\Controllers\manager.php(113): CodeIgniter\Database\BaseBuilder->get()
 3 APPPATH\Controllers\manager.php(45): App\Controllers\Manager->getSalesData()
 4 APPPATH\Controllers\manager.php(28): App\Controllers\Manager->getDashboardData()
 5 SYSTEMPATH\CodeIgniter.php(933): App\Controllers\Manager->dashboard()
 6 SYSTEMPATH\CodeIgniter.php(507): CodeIgniter\CodeIgniter->runController(Object(App\Controllers\Manager))
 7 SYSTEMPATH\CodeIgniter.php(354): CodeIgniter\CodeIgniter->handleRequest(null, Object(Config\Cache), false)
 8 SYSTEMPATH\Boot.php(363): CodeIgniter\CodeIgniter->run()
 9 SYSTEMPATH\Boot.php(68): CodeIgniter\Boot::runCodeIgniter(Object(CodeIgniter\CodeIgniter))
10 FCPATH\index.php(59): CodeIgniter\Boot::bootWeb(Object(Config\Paths))
11 SYSTEMPATH\rewrite.php(44): require_once('C:\\xampp\\htdocs\\ChakaNoks-SCMS\\public\\index.php')
CRITICAL - 2025-11-20 23:31:33 --> [Caused by] CodeIgniter\Database\Exceptions\DatabaseException: Table 'chakanoks_scms.sales' doesn't exist
in SYSTEMPATH\Database\MySQLi\Connection.php on line 332.
 1 SYSTEMPATH\Database\BaseConnection.php(729): CodeIgniter\Database\MySQLi\Connection->execute('SELECT SUM(`total_amount`) AS `total_amount`
FROM `sales`
WHERE DATE(created_at) = \'2025-11-20\'')
 2 SYSTEMPATH\Database\BaseConnection.php(646): CodeIgniter\Database\BaseConnection->simpleQuery('SELECT SUM(`total_amount`) AS `total_amount`
FROM `sales`
WHERE DATE(created_at) = \'2025-11-20\'')
 3 SYSTEMPATH\Database\BaseBuilder.php(1649): CodeIgniter\Database\BaseConnection->query('SELECT SUM(`total_amount`) AS `total_amount`
FROM `sales`
WHERE DATE(created_at) = :DATE(created_at):', [...], false)
 4 APPPATH\Controllers\manager.php(113): CodeIgniter\Database\BaseBuilder->get()
 5 APPPATH\Controllers\manager.php(45): App\Controllers\Manager->getSalesData()
 6 APPPATH\Controllers\manager.php(28): App\Controllers\Manager->getDashboardData()
 7 SYSTEMPATH\CodeIgniter.php(933): App\Controllers\Manager->dashboard()
 8 SYSTEMPATH\CodeIgniter.php(507): CodeIgniter\CodeIgniter->runController(Object(App\Controllers\Manager))
 9 SYSTEMPATH\CodeIgniter.php(354): CodeIgniter\CodeIgniter->handleRequest(null, Object(Config\Cache), false)
10 SYSTEMPATH\Boot.php(363): CodeIgniter\CodeIgniter->run()
11 SYSTEMPATH\Boot.php(68): CodeIgniter\Boot::runCodeIgniter(Object(CodeIgniter\CodeIgniter))
12 FCPATH\index.php(59): CodeIgniter\Boot::bootWeb(Object(Config\Paths))
13 SYSTEMPATH\rewrite.php(44): require_once('C:\\xampp\\htdocs\\ChakaNoks-SCMS\\public\\index.php')
CRITICAL - 2025-11-20 23:31:33 --> [Caused by] mysqli_sql_exception: Table 'chakanoks_scms.sales' doesn't exist
in SYSTEMPATH\Database\MySQLi\Connection.php on line 327.
 1 SYSTEMPATH\Database\MySQLi\Connection.php(327): mysqli->query('SELECT SUM(`total_amount`) AS `total_amount`
FROM `sales`
WHERE DATE(created_at) = \'2025-11-20\'', 0)
 2 SYSTEMPATH\Database\BaseConnection.php(729): CodeIgniter\Database\MySQLi\Connection->execute('SELECT SUM(`total_amount`) AS `total_amount`
FROM `sales`
WHERE DATE(created_at) = \'2025-11-20\'')
 3 SYSTEMPATH\Database\BaseConnection.php(646): CodeIgniter\Database\BaseConnection->simpleQuery('SELECT SUM(`total_amount`) AS `total_amount`
FROM `sales`
WHERE DATE(created_at) = \'2025-11-20\'')
 4 SYSTEMPATH\Database\BaseBuilder.php(1649): CodeIgniter\Database\BaseConnection->query('SELECT SUM(`total_amount`) AS `total_amount`
FROM `sales`
WHERE DATE(created_at) = :DATE(created_at):', [...], false)
 5 APPPATH\Controllers\manager.php(113): CodeIgniter\Database\BaseBuilder->get()
 6 APPPATH\Controllers\manager.php(45): App\Controllers\Manager->getSalesData()
 7 APPPATH\Controllers\manager.php(28): App\Controllers\Manager->getDashboardData()
 8 SYSTEMPATH\CodeIgniter.php(933): App\Controllers\Manager->dashboard()
 9 SYSTEMPATH\CodeIgniter.php(507): CodeIgniter\CodeIgniter->runController(Object(App\Controllers\Manager))
10 SYSTEMPATH\CodeIgniter.php(354): CodeIgniter\CodeIgniter->handleRequest(null, Object(Config\Cache), false)
11 SYSTEMPATH\Boot.php(363): CodeIgniter\CodeIgniter->run()
12 SYSTEMPATH\Boot.php(68): CodeIgniter\Boot::runCodeIgniter(Object(CodeIgniter\CodeIgniter))
13 FCPATH\index.php(59): CodeIgniter\Boot::bootWeb(Object(Config\Paths))
14 SYSTEMPATH\rewrite.php(44): require_once('C:\\xampp\\htdocs\\ChakaNoks-SCMS\\public\\index.php')
ERROR - 2025-11-20 23:32:46 --> mysqli_sql_exception: Unknown column 'expiry_date' in 'where clause' in C:\xampp\htdocs\ChakaNoks-SCMS\system\Database\MySQLi\Connection.php:327
Stack trace:
#0 C:\xampp\htdocs\ChakaNoks-SCMS\system\Database\MySQLi\Connection.php(327): mysqli->query('SELECT COUNT(*)...', 0)
#1 C:\xampp\htdocs\ChakaNoks-SCMS\system\Database\BaseConnection.php(729): CodeIgniter\Database\MySQLi\Connection->execute('SELECT COUNT(*)...')
#2 C:\xampp\htdocs\ChakaNoks-SCMS\system\Database\BaseConnection.php(646): CodeIgniter\Database\BaseConnection->simpleQuery('SELECT COUNT(*)...')
#3 C:\xampp\htdocs\ChakaNoks-SCMS\system\Database\BaseBuilder.php(1733): CodeIgniter\Database\BaseConnection->query('SELECT COUNT(*)...', Array, false)
#4 C:\xampp\htdocs\ChakaNoks-SCMS\app\Controllers\manager.php(238): CodeIgniter\Database\BaseBuilder->countAllResults()
#5 C:\xampp\htdocs\ChakaNoks-SCMS\app\Controllers\manager.php(51): App\Controllers\Manager->getOperationalData()
#6 C:\xampp\htdocs\ChakaNoks-SCMS\app\Controllers\manager.php(28): App\Controllers\Manager->getDashboardData()
#7 C:\xampp\htdocs\ChakaNoks-SCMS\system\CodeIgniter.php(933): App\Controllers\Manager->dashboard()
#8 C:\xampp\htdocs\ChakaNoks-SCMS\system\CodeIgniter.php(507): CodeIgniter\CodeIgniter->runController(Object(App\Controllers\Manager))
#9 C:\xampp\htdocs\ChakaNoks-SCMS\system\CodeIgniter.php(354): CodeIgniter\CodeIgniter->handleRequest(NULL, Object(Config\Cache), false)
#10 C:\xampp\htdocs\ChakaNoks-SCMS\system\Boot.php(363): CodeIgniter\CodeIgniter->run()
#11 C:\xampp\htdocs\ChakaNoks-SCMS\system\Boot.php(68): CodeIgniter\Boot::runCodeIgniter(Object(CodeIgniter\CodeIgniter))
#12 C:\xampp\htdocs\ChakaNoks-SCMS\public\index.php(59): CodeIgniter\Boot::bootWeb(Object(Config\Paths))
#13 C:\xampp\htdocs\ChakaNoks-SCMS\system\rewrite.php(44): require_once('C:\\xampp\\htdocs...')
#14 {main}
CRITICAL - 2025-11-20 23:32:46 --> CodeIgniter\Database\Exceptions\DatabaseException: Unknown column 'expiry_date' in 'where clause'
[Method: GET, Route: manager/dashboard]
in SYSTEMPATH\Database\BaseConnection.php on line 684.
 1 SYSTEMPATH\Database\BaseBuilder.php(1733): CodeIgniter\Database\BaseConnection->query('SELECT COUNT(*) AS `numrows`
FROM `products`
WHERE `expiry_date` IS NOT NULL
AND `expiry_date` <= :expiry_date:
AND `expiry_date` > :expiry_date.1:', [...], false)
 2 APPPATH\Controllers\manager.php(238): CodeIgniter\Database\BaseBuilder->countAllResults()
 3 APPPATH\Controllers\manager.php(51): App\Controllers\Manager->getOperationalData()
 4 APPPATH\Controllers\manager.php(28): App\Controllers\Manager->getDashboardData()
 5 SYSTEMPATH\CodeIgniter.php(933): App\Controllers\Manager->dashboard()
 6 SYSTEMPATH\CodeIgniter.php(507): CodeIgniter\CodeIgniter->runController(Object(App\Controllers\Manager))
 7 SYSTEMPATH\CodeIgniter.php(354): CodeIgniter\CodeIgniter->handleRequest(null, Object(Config\Cache), false)
 8 SYSTEMPATH\Boot.php(363): CodeIgniter\CodeIgniter->run()
 9 SYSTEMPATH\Boot.php(68): CodeIgniter\Boot::runCodeIgniter(Object(CodeIgniter\CodeIgniter))
10 FCPATH\index.php(59): CodeIgniter\Boot::bootWeb(Object(Config\Paths))
11 SYSTEMPATH\rewrite.php(44): require_once('C:\\xampp\\htdocs\\ChakaNoks-SCMS\\public\\index.php')
CRITICAL - 2025-11-20 23:32:46 --> [Caused by] CodeIgniter\Database\Exceptions\DatabaseException: Unknown column 'expiry_date' in 'where clause'
in SYSTEMPATH\Database\MySQLi\Connection.php on line 332.
 1 SYSTEMPATH\Database\BaseConnection.php(729): CodeIgniter\Database\MySQLi\Connection->execute('SELECT COUNT(*) AS `numrows`
FROM `products`
WHERE `expiry_date` IS NOT NULL
AND `expiry_date` <= \'2025-11-27\'
AND `expiry_date` > \'2025-11-20\'')
 2 SYSTEMPATH\Database\BaseConnection.php(646): CodeIgniter\Database\BaseConnection->simpleQuery('SELECT COUNT(*) AS `numrows`
FROM `products`
WHERE `expiry_date` IS NOT NULL
AND `expiry_date` <= \'2025-11-27\'
AND `expiry_date` > \'2025-11-20\'')
 3 SYSTEMPATH\Database\BaseBuilder.php(1733): CodeIgniter\Database\BaseConnection->query('SELECT COUNT(*) AS `numrows`
FROM `products`
WHERE `expiry_date` IS NOT NULL
AND `expiry_date` <= :expiry_date:
AND `expiry_date` > :expiry_date.1:', [...], false)
 4 APPPATH\Controllers\manager.php(238): CodeIgniter\Database\BaseBuilder->countAllResults()
 5 APPPATH\Controllers\manager.php(51): App\Controllers\Manager->getOperationalData()
 6 APPPATH\Controllers\manager.php(28): App\Controllers\Manager->getDashboardData()
 7 SYSTEMPATH\CodeIgniter.php(933): App\Controllers\Manager->dashboard()
 8 SYSTEMPATH\CodeIgniter.php(507): CodeIgniter\CodeIgniter->runController(Object(App\Controllers\Manager))
 9 SYSTEMPATH\CodeIgniter.php(354): CodeIgniter\CodeIgniter->handleRequest(null, Object(Config\Cache), false)
10 SYSTEMPATH\Boot.php(363): CodeIgniter\CodeIgniter->run()
11 SYSTEMPATH\Boot.php(68): CodeIgniter\Boot::runCodeIgniter(Object(CodeIgniter\CodeIgniter))
12 FCPATH\index.php(59): CodeIgniter\Boot::bootWeb(Object(Config\Paths))
13 SYSTEMPATH\rewrite.php(44): require_once('C:\\xampp\\htdocs\\ChakaNoks-SCMS\\public\\index.php')
CRITICAL - 2025-11-20 23:32:46 --> [Caused by] mysqli_sql_exception: Unknown column 'expiry_date' in 'where clause'
in SYSTEMPATH\Database\MySQLi\Connection.php on line 327.
 1 SYSTEMPATH\Database\MySQLi\Connection.php(327): mysqli->query('SELECT COUNT(*) AS `numrows`
FROM `products`
WHERE `expiry_date` IS NOT NULL
AND `expiry_date` <= \'2025-11-27\'
AND `expiry_date` > \'2025-11-20\'', 0)
 2 SYSTEMPATH\Database\BaseConnection.php(729): CodeIgniter\Database\MySQLi\Connection->execute('SELECT COUNT(*) AS `numrows`
FROM `products`
WHERE `expiry_date` IS NOT NULL
AND `expiry_date` <= \'2025-11-27\'
AND `expiry_date` > \'2025-11-20\'')
 3 SYSTEMPATH\Database\BaseConnection.php(646): CodeIgniter\Database\BaseConnection->simpleQuery('SELECT COUNT(*) AS `numrows`
FROM `products`
WHERE `expiry_date` IS NOT NULL
AND `expiry_date` <= \'2025-11-27\'
AND `expiry_date` > \'2025-11-20\'')
 4 SYSTEMPATH\Database\BaseBuilder.php(1733): CodeIgniter\Database\BaseConnection->query('SELECT COUNT(*) AS `numrows`
FROM `products`
WHERE `expiry_date` IS NOT NULL
AND `expiry_date` <= :expiry_date:
AND `expiry_date` > :expiry_date.1:', [...], false)
 5 APPPATH\Controllers\manager.php(238): CodeIgniter\Database\BaseBuilder->countAllResults()
 6 APPPATH\Controllers\manager.php(51): App\Controllers\Manager->getOperationalData()
 7 APPPATH\Controllers\manager.php(28): App\Controllers\Manager->getDashboardData()
 8 SYSTEMPATH\CodeIgniter.php(933): App\Controllers\Manager->dashboard()
 9 SYSTEMPATH\CodeIgniter.php(507): CodeIgniter\CodeIgniter->runController(Object(App\Controllers\Manager))
10 SYSTEMPATH\CodeIgniter.php(354): CodeIgniter\CodeIgniter->handleRequest(null, Object(Config\Cache), false)
11 SYSTEMPATH\Boot.php(363): CodeIgniter\CodeIgniter->run()
12 SYSTEMPATH\Boot.php(68): CodeIgniter\Boot::runCodeIgniter(Object(CodeIgniter\CodeIgniter))
13 FCPATH\index.php(59): CodeIgniter\Boot::bootWeb(Object(Config\Paths))
14 SYSTEMPATH\rewrite.php(44): require_once('C:\\xampp\\htdocs\\ChakaNoks-SCMS\\public\\index.php')
CRITICAL - 2025-11-20 23:40:57 --> Error: Call to undefined method CodeIgniter\Database\MySQLi\Connection::raw()
[Method: GET, Route: manager/dashboard]
in APPPATH\Controllers\manager.php on line 247.
 1 APPPATH\Controllers\manager.php(51): App\Controllers\Manager->getOperationalData()
 2 APPPATH\Controllers\manager.php(28): App\Controllers\Manager->getDashboardData()
 3 SYSTEMPATH\CodeIgniter.php(933): App\Controllers\Manager->dashboard()
 4 SYSTEMPATH\CodeIgniter.php(507): CodeIgniter\CodeIgniter->runController(Object(App\Controllers\Manager))
 5 SYSTEMPATH\CodeIgniter.php(354): CodeIgniter\CodeIgniter->handleRequest(null, Object(Config\Cache), false)
 6 SYSTEMPATH\Boot.php(363): CodeIgniter\CodeIgniter->run()
 7 SYSTEMPATH\Boot.php(68): CodeIgniter\Boot::runCodeIgniter(Object(CodeIgniter\CodeIgniter))
 8 FCPATH\index.php(59): CodeIgniter\Boot::bootWeb(Object(Config\Paths))
 9 SYSTEMPATH\rewrite.php(44): require_once('C:\\xampp\\htdocs\\ChakaNoks-SCMS\\public\\index.php')
